/*C1*/SET SCHEMA SYSTEM_LOBS
INSERT INTO BLOCKS VALUES(0,2147483647,0)
COMMIT
/*C2*/SET SCHEMA PUBLIC
DISCONNECT
/*C3*/SET SCHEMA PUBLIC
CREATE SCHEMA EDUCALIFE AUTHORIZATION SA
create table Educalife.IMAGES (ID varchar(255) not null, GALLERY varchar(255), IMAGE varbinary(16777216), primary key (ID))
create table Educalife.OXDISCUSSIONCOMMENTS (id varchar(32) not null, comment clob(16777216), discussionId varchar(32), time timestamp, userName varchar(30), primary key (id))
create table Educalife.pessoa_fisica (id varchar(32) not null, cpf varchar(255) not null, data_nascimento date not null, bairro varchar(255) not null, cep varchar(255) not null, cidade varchar(255) not null, complemento varchar(255), logradouro varchar(255) not null, numero varchar(255) not null, uf varchar(255) not null, nome varchar(255) not null, id_tipo_logradouro varchar(32) not null, primary key (id))
create table Educalife.pessoa_fisica_contatos (pessoa_fisica_id varchar(32) not null, descricao varchar(255), observacao varchar(255), tipo_contato varchar(255))
create table Educalife.tipo_logradouro (id varchar(32) not null, codigo varchar(255) not null, descricao varchar(255) not null, primary key (id))
create table Educalife.YourFirstEntity (id varchar(32) not null, amount numeric(19,2), date date, description varchar(50), primary key (id))
create index Educalife.IDXbhlx4vunn24ym1tbrlgq8g30m on Educalife.OXDISCUSSIONCOMMENTS (discussionId)
alter table Educalife.pessoa_fisica add constraint UK_6bcxd2j5vmbricys5b0omkrsy unique (id_tipo_logradouro)
alter table Educalife.pessoa_fisica add constraint FKh168he306g5c7elhgavoq7akm foreign key (id_tipo_logradouro) references Educalife.tipo_logradouro
alter table Educalife.pessoa_fisica_contatos add constraint FKbv907ahir4ypgtw87r1gqqpov foreign key (pessoa_fisica_id) references Educalife.pessoa_fisica
alter table Educalife.pessoa_fisica drop constraint UK_6bcxd2j5vmbricys5b0omkrsy
alter table Educalife.pessoa_fisica add constraint UK_6bcxd2j5vmbricys5b0omkrsy unique (id_tipo_logradouro)
SET SCHEMA EDUCALIFE
INSERT INTO TIPO_LOGRADOURO VALUES('2c9b608173ee020a0173ee03358c0000','AC','Acesso')
INSERT INTO TIPO_LOGRADOURO VALUES('2c9b608173ee020a0173ee0336220001','ACA','Acampamento')
INSERT INTO TIPO_LOGRADOURO VALUES('2c9b608173ee020a0173ee0336250002','ACL','Acesso Local')
INSERT INTO TIPO_LOGRADOURO VALUES('2c9b608173ee020a0173ee0336280003','AD','Adro')
INSERT INTO TIPO_LOGRADOURO VALUES('2c9b608173ee020a0173ee03362b0004','AE','\u00c1rea Especial')
INSERT INTO TIPO_LOGRADOURO VALUES('2c9b608173ee020a0173ee03362e0005','AER','Aeroporto')
INSERT INTO TIPO_LOGRADOURO VALUES('2c9b608173ee020a0173ee0336320006','AL','Alameda')
INSERT INTO TIPO_LOGRADOURO VALUES('2c9b608173ee020a0173ee0336350007','AMD','Avenida Marginal Direita')
INSERT INTO TIPO_LOGRADOURO VALUES('2c9b608173ee020a0173ee0336380008','AME','Avenida Marginal Esquerda')
INSERT INTO TIPO_LOGRADOURO VALUES('2c9b608173ee020a0173ee03363b0009','AN','Anel Vi\u00e1rio')
INSERT INTO TIPO_LOGRADOURO VALUES('2c9b608173ee020a0173ee03363e000a','ANT','Antiga Estrada')
INSERT INTO TIPO_LOGRADOURO VALUES('2c9b608173ee020a0173ee033641000b','ART','Art\u00e9ria')
INSERT INTO TIPO_LOGRADOURO VALUES('2c9b608173ee020a0173ee033646000c','AT','Alto')
INSERT INTO TIPO_LOGRADOURO VALUES('2c9b608173ee020a0173ee033649000d','ATL','Atalho')
INSERT INTO TIPO_LOGRADOURO VALUES('2c9b608173ee020a0173ee03364d000e','A V','\u00c1rea Verde')
INSERT INTO TIPO_LOGRADOURO VALUES('2c9b608173ee020a0173ee033651000f','AV','Avenida')
INSERT INTO TIPO_LOGRADOURO VALUES('2c9b608173ee020a0173ee0336540010','AVC','Avenida Contorno')
INSERT INTO TIPO_LOGRADOURO VALUES('2c9b608173ee020a0173ee0336580011','AVM','Avenida Marginal')
INSERT INTO TIPO_LOGRADOURO VALUES('2c9b608173ee020a0173ee03365b0012','AVV','Avenida Velha')
INSERT INTO TIPO_LOGRADOURO VALUES('2c9b608173ee020a0173ee03365e0013','BAL','Balne\u00e1rio')
INSERT INTO TIPO_LOGRADOURO VALUES('2c9b608173ee020a0173ee0336620014','BC','Beco')
INSERT INTO TIPO_LOGRADOURO VALUES('2c9b608173ee020a0173ee0336650015','BCO','Buraco')
INSERT INTO TIPO_LOGRADOURO VALUES('2c9b608173ee020a0173ee0336690016','BEL','Belvedere')
INSERT INTO TIPO_LOGRADOURO VALUES('2c9b608173ee020a0173ee03366c0017','BL','Bloco')
INSERT INTO TIPO_LOGRADOURO VALUES('2c9b608173ee020a0173ee03366f0018','BLO','Bal\u00e3o')
INSERT INTO TIPO_LOGRADOURO VALUES('2c9b608173ee020a0173ee0336730019','BLS','Blocos')
INSERT INTO TIPO_LOGRADOURO VALUES('2c9b608173ee020a0173ee033676001a','BLV','Bulevar')
INSERT INTO TIPO_LOGRADOURO VALUES('2c9b608173ee020a0173ee033679001b','BSQ','Bosque')
INSERT INTO TIPO_LOGRADOURO VALUES('2c9b608173ee020a0173ee03367c001c','BVD','Boulevard')
INSERT INTO TIPO_LOGRADOURO VALUES('2c9b608173ee020a0173ee03367f001d','BX','Baixa')
INSERT INTO TIPO_LOGRADOURO VALUES('2c9b608173ee020a0173ee033683001e','C','Cais')
INSERT INTO TIPO_LOGRADOURO VALUES('2c9b608173ee020a0173ee033686001f','CAL','Cal\u00e7ada')
INSERT INTO TIPO_LOGRADOURO VALUES('2c9b608173ee020a0173ee0336890020','CAM','Caminho')
INSERT INTO TIPO_LOGRADOURO VALUES('2c9b608173ee020a0173ee03368c0021','CAN','Canal')
INSERT INTO TIPO_LOGRADOURO VALUES('2c9b608173ee020a0173ee03368f0022','CH','Ch\u00e1cara')
INSERT INTO TIPO_LOGRADOURO VALUES('2c9b608173ee020a0173ee0336920023','CHA','Chapad\u00e3o')
INSERT INTO TIPO_LOGRADOURO VALUES('2c9b608173ee020a0173ee0336950024','CIC','Ciclovia')
INSERT INTO TIPO_LOGRADOURO VALUES('2c9b608173ee020a0173ee0336980025','CIR','Circular')
INSERT INTO TIPO_LOGRADOURO VALUES('2c9b608173ee020a0173ee03369b0026','CJ','Conjunto')
INSERT INTO TIPO_LOGRADOURO VALUES('2c9b608173ee020a0173ee03369e0027','CJM','Conjunto Mutir\u00e3o')
INSERT INTO TIPO_LOGRADOURO VALUES('2c9b608173ee020a0173ee0336a10028','CMP','Complexo Vi\u00e1rio')
INSERT INTO TIPO_LOGRADOURO VALUES('2c9b608173ee020a0173ee0336a40029','COL','Col\u00f4nia')
INSERT INTO TIPO_LOGRADOURO VALUES('2c9b608173ee020a0173ee0336a7002a','COM','Comunidade')
INSERT INTO TIPO_LOGRADOURO VALUES('2c9b608173ee020a0173ee0336aa002b','CON','Condom\u00ednio')
INSERT INTO TIPO_LOGRADOURO VALUES('2c9b608173ee020a0173ee0336ad002c','COR','Corredor')
INSERT INTO TIPO_LOGRADOURO VALUES('2c9b608173ee020a0173ee0336b0002d','CPO','Campo')
INSERT INTO TIPO_LOGRADOURO VALUES('2c9b608173ee020a0173ee0336b4002e','CRG','C\u00f3rrego')
INSERT INTO TIPO_LOGRADOURO VALUES('2c9b608173ee020a0173ee0336b7002f','CTN','Contorno')
INSERT INTO TIPO_LOGRADOURO VALUES('2c9b608173ee020a0173ee0336ba0030','DSC','Descida')
INSERT INTO TIPO_LOGRADOURO VALUES('2c9b608173ee020a0173ee0336bd0031','DSV','Desvio')
INSERT INTO TIPO_LOGRADOURO VALUES('2c9b608173ee020a0173ee0336c10032','DT','Distrito')
INSERT INTO TIPO_LOGRADOURO VALUES('2c9b608173ee020a0173ee0336c40033','EB','Entre Bloco')
INSERT INTO TIPO_LOGRADOURO VALUES('2c9b608173ee020a0173ee0336c70034','EIM','Estrada Intermunicipal')
INSERT INTO TIPO_LOGRADOURO VALUES('2c9b608173ee020a0173ee0336cb0035','ENS','Enseada')
INSERT INTO TIPO_LOGRADOURO VALUES('2c9b608173ee020a0173ee0336ce0036','ENT','Entrada Particular')
INSERT INTO TIPO_LOGRADOURO VALUES('2c9b608173ee020a0173ee0336d10037','EQ','Entre Quadra')
INSERT INTO TIPO_LOGRADOURO VALUES('2c9b608173ee020a0173ee0336d40038','ESC','Escada')
INSERT INTO TIPO_LOGRADOURO VALUES('2c9b608173ee020a0173ee0336d70039','ESD','Escadaria')
INSERT INTO TIPO_LOGRADOURO VALUES('2c9b608173ee020a0173ee0336da003a','ESE','Estrada Estadual')
INSERT INTO TIPO_LOGRADOURO VALUES('2c9b608173ee020a0173ee0336dd003b','ESI','Estrada Vicinal')
INSERT INTO TIPO_LOGRADOURO VALUES('2c9b608173ee020a0173ee0336e0003c','ESL','Estrada de Liga\u00e7\u00e3o')
INSERT INTO TIPO_LOGRADOURO VALUES('2c9b608173ee020a0173ee0336e3003d','ESM','Estrada Municipal')
INSERT INTO TIPO_LOGRADOURO VALUES('2c9b608173ee020a0173ee0336e6003e','ESP','Esplanada')
INSERT INTO TIPO_LOGRADOURO VALUES('2c9b608173ee020a0173ee0336e9003f','ESS','Estrada de Servid\u00e3o')
INSERT INTO TIPO_LOGRADOURO VALUES('2c9b608173ee020a0173ee0336ec0040','EST','Estrada')
INSERT INTO TIPO_LOGRADOURO VALUES('2c9b608173ee020a0173ee0336ef0041','ESV','Estrada Velha')
INSERT INTO TIPO_LOGRADOURO VALUES('2c9b608173ee020a0173ee0336f20042','ETA','Estrada Antiga')
INSERT INTO TIPO_LOGRADOURO VALUES('2c9b608173ee020a0173ee0336f50043','ETC','Esta\u00e7\u00e3o')
INSERT INTO TIPO_LOGRADOURO VALUES('2c9b608173ee020a0173ee0336f90044','ETD','Est\u00e1dio')
INSERT INTO TIPO_LOGRADOURO VALUES('2c9b608173ee020a0173ee0336fc0045','ETN','Est\u00e2ncia')
INSERT INTO TIPO_LOGRADOURO VALUES('2c9b608173ee020a0173ee0336ff0046','ETP','Estrada Particular')
INSERT INTO TIPO_LOGRADOURO VALUES('2c9b608173ee020a0173ee0337020047','ETT','Estacionamento')
INSERT INTO TIPO_LOGRADOURO VALUES('2c9b608173ee020a0173ee0337040048','EVA','Evang\u00e9lica')
INSERT INTO TIPO_LOGRADOURO VALUES('2c9b608173ee020a0173ee0337070049','EVD','Elevada')
INSERT INTO TIPO_LOGRADOURO VALUES('2c9b608173ee020a0173ee03370a004a','EX','Eixo Industrial')
INSERT INTO TIPO_LOGRADOURO VALUES('2c9b608173ee020a0173ee03370d004b','FAV','Favela')
INSERT INTO TIPO_LOGRADOURO VALUES('2c9b608173ee020a0173ee033710004c','FAZ','Fazenda')
INSERT INTO TIPO_LOGRADOURO VALUES('2c9b608173ee020a0173ee033712004d','FER','Ferrovia')
INSERT INTO TIPO_LOGRADOURO VALUES('2c9b608173ee020a0173ee033715004e','FNT','Fonte')
INSERT INTO TIPO_LOGRADOURO VALUES('2c9b608173ee020a0173ee033719004f','FRA','Feira')
INSERT INTO TIPO_LOGRADOURO VALUES('2c9b608173ee020a0173ee03371b0050','FTE','Forte')
INSERT INTO TIPO_LOGRADOURO VALUES('2c9b608173ee020a0173ee03371e0051','GAL','Galeria')
INSERT INTO TIPO_LOGRADOURO VALUES('2c9b608173ee020a0173ee0337210052','GJA','Granja')
INSERT INTO TIPO_LOGRADOURO VALUES('2c9b608173ee020a0173ee0337240053','HAB','N\u00facleo Habitacional')
INSERT INTO TIPO_LOGRADOURO VALUES('2c9b608173ee020a0173ee0337270054','IA','Ilha')
INSERT INTO TIPO_LOGRADOURO VALUES('2c9b608173ee020a0173ee03372a0055','IND','Indeterminado')
INSERT INTO TIPO_LOGRADOURO VALUES('2c9b608173ee020a0173ee03372d0056','IOA','Ilhota')
INSERT INTO TIPO_LOGRADOURO VALUES('2c9b608173ee020a0173ee0337300057','JD','Jardim')
INSERT INTO TIPO_LOGRADOURO VALUES('2c9b608173ee020a0173ee0337330058','JDE','Jardinete')
INSERT INTO TIPO_LOGRADOURO VALUES('2c9b608173ee020a0173ee0337360059','LD','Ladeira')
INSERT INTO TIPO_LOGRADOURO VALUES('2c9b608173ee020a0173ee033739005a','LGA','Lagoa')
INSERT INTO TIPO_LOGRADOURO VALUES('2c9b608173ee020a0173ee03373d005b','LGO','Lago')
INSERT INTO TIPO_LOGRADOURO VALUES('2c9b608173ee020a0173ee033740005c','LOT','Loteamento')
INSERT INTO TIPO_LOGRADOURO VALUES('2c9b608173ee020a0173ee033743005d','LRG','Largo')
INSERT INTO TIPO_LOGRADOURO VALUES('2c9b608173ee020a0173ee033746005e','LT','Lote')
INSERT INTO TIPO_LOGRADOURO VALUES('2c9b608173ee020a0173ee033749005f','MER','Mercado')
INSERT INTO TIPO_LOGRADOURO VALUES('2c9b608173ee020a0173ee03374d0060','MNA','Marina')
INSERT INTO TIPO_LOGRADOURO VALUES('2c9b608173ee020a0173ee0337500061','MOD','Modulo')
INSERT INTO TIPO_LOGRADOURO VALUES('2c9b608173ee020a0173ee0337530062','MRG','Proje\u00e7\u00e3o')
INSERT INTO TIPO_LOGRADOURO VALUES('2c9b608173ee020a0173ee0337560063','MRO','Morro')
INSERT INTO TIPO_LOGRADOURO VALUES('2c9b608173ee020a0173ee0337590064','MTE','Monte')
INSERT INTO TIPO_LOGRADOURO VALUES('2c9b608173ee020a0173ee03375d0065','NUC','N\u00facleo')
INSERT INTO TIPO_LOGRADOURO VALUES('2c9b608173ee020a0173ee0337600066','NUR','N\u00facleo Rural')
INSERT INTO TIPO_LOGRADOURO VALUES('2c9b608173ee020a0173ee0337630067','OUT','Outeiro')
INSERT INTO TIPO_LOGRADOURO VALUES('2c9b608173ee020a0173ee0337660068','PAR','Paralela')
INSERT INTO TIPO_LOGRADOURO VALUES('2c9b608173ee020a0173ee0337690069','PAS','Passeio')
INSERT INTO TIPO_LOGRADOURO VALUES('2c9b608173ee020a0173ee03376c006a','PAT','P\u00e1tio')
INSERT INTO TIPO_LOGRADOURO VALUES('2c9b608173ee020a0173ee03376f006b','PC','Pra\u00e7a')
INSERT INTO TIPO_LOGRADOURO VALUES('2c9b608173ee020a0173ee033772006c','PCE','Pra\u00e7a de Esportes')
INSERT INTO TIPO_LOGRADOURO VALUES('2c9b608173ee020a0173ee033775006d','PDA','Parada')
INSERT INTO TIPO_LOGRADOURO VALUES('2c9b608173ee020a0173ee033778006e','PDO','Paradouro')
INSERT INTO TIPO_LOGRADOURO VALUES('2c9b608173ee020a0173ee03377b006f','PNT','Ponta')
INSERT INTO TIPO_LOGRADOURO VALUES('2c9b608173ee020a0173ee03377f0070','PR','Praia')
INSERT INTO TIPO_LOGRADOURO VALUES('2c9b608173ee020a0173ee0337820071','PRL','Prolongamento')
INSERT INTO TIPO_LOGRADOURO VALUES('2c9b608173ee020a0173ee0337850072','PRM','Parque Municipal')
INSERT INTO TIPO_LOGRADOURO VALUES('2c9b608173ee020a0173ee0337880073','PRQ','Parque')
INSERT INTO TIPO_LOGRADOURO VALUES('2c9b608173ee020a0173ee03378b0074','PRR','Parque Residencial')
INSERT INTO TIPO_LOGRADOURO VALUES('2c9b608173ee020a0173ee03378f0075','PSA','Passarela')
INSERT INTO TIPO_LOGRADOURO VALUES('2c9b608173ee020a0173ee0337920076','PSG','Passagem')
INSERT INTO TIPO_LOGRADOURO VALUES('2c9b608173ee020a0173ee0337950077','PSP','Passagem de Pedestre')
INSERT INTO TIPO_LOGRADOURO VALUES('2c9b608173ee020a0173ee0337980078','PSS','Passagem Subterr\u00e2nea')
INSERT INTO TIPO_LOGRADOURO VALUES('2c9b608173ee020a0173ee03379c0079','PTE','Ponte')
INSERT INTO TIPO_LOGRADOURO VALUES('2c9b608173ee020a0173ee03379f007a','PTO','Porto')
INSERT INTO TIPO_LOGRADOURO VALUES('2c9b608173ee020a0173ee0337a3007b','Q','Quadra')
INSERT INTO TIPO_LOGRADOURO VALUES('2c9b608173ee020a0173ee0337a6007c','QTA','Quinta')
INSERT INTO TIPO_LOGRADOURO VALUES('2c9b608173ee020a0173ee0337a9007d','QTS','Quintas')
INSERT INTO TIPO_LOGRADOURO VALUES('2c9b608173ee020a0173ee0337ad007e','R','Rua')
INSERT INTO TIPO_LOGRADOURO VALUES('2c9b608173ee020a0173ee0337b1007f','R I','Rua Integra\u00e7\u00e3o')
INSERT INTO TIPO_LOGRADOURO VALUES('2c9b608173ee020a0173ee0337b40080','R L','Rua de Liga\u00e7\u00e3o')
INSERT INTO TIPO_LOGRADOURO VALUES('2c9b608173ee020a0173ee0337b80081','R P','Rua Particular')
INSERT INTO TIPO_LOGRADOURO VALUES('2c9b608173ee020a0173ee0337bb0082','R V','Rua Velha')
INSERT INTO TIPO_LOGRADOURO VALUES('2c9b608173ee020a0173ee0337be0083','RAM','Ramal')
INSERT INTO TIPO_LOGRADOURO VALUES('2c9b608173ee020a0173ee0337c10084','RCR','Recreio')
INSERT INTO TIPO_LOGRADOURO VALUES('2c9b608173ee020a0173ee0337c40085','REC','Recanto')
INSERT INTO TIPO_LOGRADOURO VALUES('2c9b608173ee020a0173ee0337c70086','RER','Retiro')
INSERT INTO TIPO_LOGRADOURO VALUES('2c9b608173ee020a0173ee0337ca0087','RES','Residencial')
INSERT INTO TIPO_LOGRADOURO VALUES('2c9b608173ee020a0173ee0337cd0088','RET','Reta')
INSERT INTO TIPO_LOGRADOURO VALUES('2c9b608173ee020a0173ee0337d00089','RLA','Ruela')
INSERT INTO TIPO_LOGRADOURO VALUES('2c9b608173ee020a0173ee0337d4008a','RMP','Rampa')
INSERT INTO TIPO_LOGRADOURO VALUES('2c9b608173ee020a0173ee0337d6008b','ROA','Rodo Anel')
INSERT INTO TIPO_LOGRADOURO VALUES('2c9b608173ee020a0173ee0337da008c','ROD','Rodovia')
INSERT INTO TIPO_LOGRADOURO VALUES('2c9b608173ee020a0173ee0337dd008d','ROT','Rotula')
INSERT INTO TIPO_LOGRADOURO VALUES('2c9b608173ee020a0173ee0337e0008e','RPE','Rua de Pedestre')
INSERT INTO TIPO_LOGRADOURO VALUES('2c9b608173ee020a0173ee0337e2008f','RPR','Margem')
INSERT INTO TIPO_LOGRADOURO VALUES('2c9b608173ee020a0173ee0337e50090','RTN','Retorno')
INSERT INTO TIPO_LOGRADOURO VALUES('2c9b608173ee020a0173ee0337e80091','RTT','Rotat\u00f3ria')
INSERT INTO TIPO_LOGRADOURO VALUES('2c9b608173ee020a0173ee0337eb0092','SEG','Segunda Avenida')
INSERT INTO TIPO_LOGRADOURO VALUES('2c9b608173ee020a0173ee0337ee0093','SIT','Sitio')
INSERT INTO TIPO_LOGRADOURO VALUES('2c9b608173ee020a0173ee0337f10094','SRV','Servid\u00e3o')
INSERT INTO TIPO_LOGRADOURO VALUES('2c9b608173ee020a0173ee0337f40095','ST','Setor')
INSERT INTO TIPO_LOGRADOURO VALUES('2c9b608173ee020a0173ee0337f60096','SUB','Subida')
INSERT INTO TIPO_LOGRADOURO VALUES('2c9b608173ee020a0173ee0337f90097','TCH','Trincheira')
INSERT INTO TIPO_LOGRADOURO VALUES('2c9b608173ee020a0173ee0337fb0098','TER','Terminal')
INSERT INTO TIPO_LOGRADOURO VALUES('2c9b608173ee020a0173ee0337fe0099','TR','Trecho')
INSERT INTO TIPO_LOGRADOURO VALUES('2c9b608173ee020a0173ee033800009a','TRV','Trevo')
INSERT INTO TIPO_LOGRADOURO VALUES('2c9b608173ee020a0173ee033803009b','TUN','T\u00fanel')
INSERT INTO TIPO_LOGRADOURO VALUES('2c9b608173ee020a0173ee033806009c','TV','Travessa')
INSERT INTO TIPO_LOGRADOURO VALUES('2c9b608173ee020a0173ee033809009d','TVP','Travessa Particular')
INSERT INTO TIPO_LOGRADOURO VALUES('2c9b608173ee020a0173ee03380b009e','TVV','Travessa Velha')
INSERT INTO TIPO_LOGRADOURO VALUES('2c9b608173ee020a0173ee03380e009f','UNI','Unidade')
INSERT INTO TIPO_LOGRADOURO VALUES('2c9b608173ee020a0173ee03381000a0','V','Via')
INSERT INTO TIPO_LOGRADOURO VALUES('2c9b608173ee020a0173ee03381400a1','V C','Via Coletora')
INSERT INTO TIPO_LOGRADOURO VALUES('2c9b608173ee020a0173ee03381700a2','V L','Via Local')
INSERT INTO TIPO_LOGRADOURO VALUES('2c9b608173ee020a0173ee03381900a3','VAC','Via de Acesso')
INSERT INTO TIPO_LOGRADOURO VALUES('2c9b608173ee020a0173ee03381c00a4','VAL','Vala')
INSERT INTO TIPO_LOGRADOURO VALUES('2c9b608173ee020a0173ee03381f00a5','VCO','Via Costeira')
INSERT INTO TIPO_LOGRADOURO VALUES('2c9b608173ee020a0173ee03382100a6','VD','Viaduto')
INSERT INTO TIPO_LOGRADOURO VALUES('2c9b608173ee020a0173ee03382400a7','V-E','Via Expressa')
INSERT INTO TIPO_LOGRADOURO VALUES('2c9b608173ee020a0173ee03382500a8','VER','Vereda')
INSERT INTO TIPO_LOGRADOURO VALUES('2c9b608173ee020a0173ee03382800a9','VEV','Via Elevado')
INSERT INTO TIPO_LOGRADOURO VALUES('2c9b608173ee020a0173ee03382b00aa','VL','Vila')
INSERT INTO TIPO_LOGRADOURO VALUES('2c9b608173ee020a0173ee03382e00ab','VLA','Viela')
INSERT INTO TIPO_LOGRADOURO VALUES('2c9b608173ee020a0173ee03383100ac','VLE','Vale')
INSERT INTO TIPO_LOGRADOURO VALUES('2c9b608173ee020a0173ee03383400ad','VLT','Via Litor\u00e2nea')
INSERT INTO TIPO_LOGRADOURO VALUES('2c9b608173ee020a0173ee03383700ae','VPE','Via de Pedestre')
INSERT INTO TIPO_LOGRADOURO VALUES('2c9b608173ee020a0173ee03383900af','VRT','Variante')
INSERT INTO TIPO_LOGRADOURO VALUES('2c9b608173ee020a0173ee03383c00b0','ZIG','Zigue-Zague')
COMMIT
INSERT INTO PESSOA_FISICA VALUES('2c9b608173ee020a0173ee046be700b1','11400165717','1985-10-24','Jardim Alvorada','26261-130','Nova Igua\u00e7u','Bloco 3A Apt 304','Jos\u00e9 dos Anjos','160','RJ','H\u00e9rcules Sant''Ana da Silva Jos\u00e9','2c9b608173ee020a0173ee0337ad007e')
INSERT INTO PESSOA_FISICA_CONTATOS VALUES('2c9b608173ee020a0173ee046be700b1','(21) 987887645','Celular','TELEFONE')
INSERT INTO PESSOA_FISICA_CONTATOS VALUES('2c9b608173ee020a0173ee046be700b1','herculeshssj@outlook.com','Principal','EMAIL')
INSERT INTO PESSOA_FISICA_CONTATOS VALUES('2c9b608173ee020a0173ee046be700b1','@herculeshssj','Skype','SOCIAL')
COMMIT
